ERROR - 2026-02-09 05:42:03 --> Error connecting to the database: mysqli_sql_exception: No connection could be made because the target machine actively refused it in C:\xampp\htdocs\dti\system\Database\MySQLi\Connection.php:201
Stack trace:
#0 C:\xampp\htdocs\dti\system\Database\MySQLi\Connection.php(201): mysqli->real_connect('localhost', '', Object(SensitiveParameterValue), '', 3306, '', 0)
#1 C:\xampp\htdocs\dti\system\Database\BaseConnection.php(419): CodeIgniter\Database\MySQLi\Connection->connect(false)
#2 C:\xampp\htdocs\dti\system\Database\BaseConnection.php(654): CodeIgniter\Database\BaseConnection->initialize()
#3 C:\xampp\htdocs\dti\system\Database\BaseConnection.php(1565): CodeIgniter\Database\BaseConnection->query('SHOW TABLES FRO...')
#4 C:\xampp\htdocs\dti\system\Database\BaseConnection.php(1585): CodeIgniter\Database\BaseConnection->listTables()
#5 C:\xampp\htdocs\dti\system\Database\MigrationRunner.php(821): CodeIgniter\Database\BaseConnection->tableExists('migrations')
#6 C:\xampp\htdocs\dti\system\Database\MigrationRunner.php(173): CodeIgniter\Database\MigrationRunner->ensureTable()
#7 C:\xampp\htdocs\dti\system\Commands\Database\Migrate.php(89): CodeIgniter\Database\MigrationRunner->latest(NULL)
#8 C:\xampp\htdocs\dti\system\CLI\SignalTrait.php(245): CodeIgniter\Commands\Database\Migrate::CodeIgniter\Commands\Database\{closure}()
#9 C:\xampp\htdocs\dti\system\Commands\Database\Migrate.php(88): CodeIgniter\Commands\Database\Migrate->withSignalsBlocked(Object(Closure))
#10 C:\xampp\htdocs\dti\system\CLI\Commands.php(74): CodeIgniter\Commands\Database\Migrate->run(Array)
#11 C:\xampp\htdocs\dti\system\CLI\Console.php(47): CodeIgniter\CLI\Commands->run('migrate', Array)
#12 C:\xampp\htdocs\dti\system\Boot.php(442): CodeIgniter\CLI\Console->run()
#13 C:\xampp\htdocs\dti\system\Boot.php(166): CodeIgniter\Boot::runCommand(Object(CodeIgniter\CLI\Console))
#14 C:\xampp\htdocs\dti\spark(87): CodeIgniter\Boot::bootSpark(Object(Config\Paths))
#15 {main}

Next CodeIgniter\Database\Exceptions\DatabaseException: No connection could be made because the target machine actively refused it in C:\xampp\htdocs\dti\system\Database\MySQLi\Connection.php:231
Stack trace:
#0 C:\xampp\htdocs\dti\system\Database\BaseConnection.php(419): CodeIgniter\Database\MySQLi\Connection->connect(false)
#1 C:\xampp\htdocs\dti\system\Database\BaseConnection.php(654): CodeIgniter\Database\BaseConnection->initialize()
#2 C:\xampp\htdocs\dti\system\Database\BaseConnection.php(1565): CodeIgniter\Database\BaseConnection->query('SHOW TABLES FRO...')
#3 C:\xampp\htdocs\dti\system\Database\BaseConnection.php(1585): CodeIgniter\Database\BaseConnection->listTables()
#4 C:\xampp\htdocs\dti\system\Database\MigrationRunner.php(821): CodeIgniter\Database\BaseConnection->tableExists('migrations')
#5 C:\xampp\htdocs\dti\system\Database\MigrationRunner.php(173): CodeIgniter\Database\MigrationRunner->ensureTable()
#6 C:\xampp\htdocs\dti\system\Commands\Database\Migrate.php(89): CodeIgniter\Database\MigrationRunner->latest(NULL)
#7 C:\xampp\htdocs\dti\system\CLI\SignalTrait.php(245): CodeIgniter\Commands\Database\Migrate::CodeIgniter\Commands\Database\{closure}()
#8 C:\xampp\htdocs\dti\system\Commands\Database\Migrate.php(88): CodeIgniter\Commands\Database\Migrate->withSignalsBlocked(Object(Closure))
#9 C:\xampp\htdocs\dti\system\CLI\Commands.php(74): CodeIgniter\Commands\Database\Migrate->run(Array)
#10 C:\xampp\htdocs\dti\system\CLI\Console.php(47): CodeIgniter\CLI\Commands->run('migrate', Array)
#11 C:\xampp\htdocs\dti\system\Boot.php(442): CodeIgniter\CLI\Console->run()
#12 C:\xampp\htdocs\dti\system\Boot.php(166): CodeIgniter\Boot::runCommand(Object(CodeIgniter\CLI\Console))
#13 C:\xampp\htdocs\dti\spark(87): CodeIgniter\Boot::bootSpark(Object(Config\Paths))
#14 {main}
